* 4c64f91 agregando 2 parrafos
*   62ade5a resolviendo conflicto en estaciones del a침o y fechas de inicio
|\  
| * 212929e agregando estaciones del a침o
* | ff33c89 Estaciones del a침o y meses
|/  
* 176901b a침andiendo funciones de js a html
* fbdc18b creando una lista de elementos
*   9d14517 a침adinde js
|\  
| * a5f9185 creando archivo js
* | 9e4c1e4 agregando hojas de estilo a html
* | cfdd123 Vinculando un archivo html
|/  
* 3bdf2e8 inorando archivos .exe
* f4ce832 por que se cambio el el master a main en github
* 19eee7c cambio del encabezado 2
* 777b560 Creando licencia del repositorio
* 6cb8bd6 Agregando cambios al continido de Readme Markdown
* f7ee778 first commit
* 6bcd5ae Agregando contenido inicial al Readme
* 7a0264f primer commit 游땕
